<?xml version="1.0" encoding="UTF-8"?>
<!-- Generated by org.testng.reporters.JUnitReportReporter -->
<testsuite hostname="DESKTOP-01V5FL5" failures="0" tests="7" name="runner1.DsAlgoRunner" time="43.101" errors="0" timestamp="2023-04-05T00:58:13 EDT" skipped="0">
  <testcase classname="runner1.DsAlgoRunner" name="runScenario" time="4.453"/>
  <system-out/>
  <testcase classname="runner1.DsAlgoRunner" name="runScenario" time="6.919"/>
  <system-out/>
  <testcase classname="runner1.DsAlgoRunner" name="runScenario" time="4.467"/>
  <system-out/>
  <testcase classname="runner1.DsAlgoRunner" name="runScenario" time="4.400"/>
  <system-out/>
  <testcase classname="runner1.DsAlgoRunner" name="runScenario" time="5.191"/>
  <system-out/>
  <testcase classname="runner1.DsAlgoRunner" name="runScenario" time="13.211"/>
  <system-out/>
  <testcase classname="runner1.DsAlgoRunner" name="runScenario" time="4.460"/>
  <system-out/>
</testsuite> <!-- runner1.DsAlgoRunner -->
